[2025-10-25T09:00:40.836+0000] {taskinstance.py:1956} INFO - Dependencies all met for dep_context=non-requeueable deps ti=<TaskInstance: who_data_rag_ingestion_pipeline.chroma_processor manual__2025-10-25T09:00:15.547717+00:00 [queued]>
[2025-10-25T09:00:40.847+0000] {taskinstance.py:1956} INFO - Dependencies all met for dep_context=requeueable deps ti=<TaskInstance: who_data_rag_ingestion_pipeline.chroma_processor manual__2025-10-25T09:00:15.547717+00:00 [queued]>
[2025-10-25T09:00:40.848+0000] {taskinstance.py:2170} INFO - Starting attempt 1 of 1
[2025-10-25T09:00:40.866+0000] {taskinstance.py:2191} INFO - Executing <Task(_PythonDecoratedOperator): chroma_processor> on 2025-10-25 09:00:15.547717+00:00
[2025-10-25T09:00:40.872+0000] {standard_task_runner.py:60} INFO - Started process 516 to run task
[2025-10-25T09:00:40.876+0000] {standard_task_runner.py:87} INFO - Running: ['airflow', 'tasks', 'run', 'who_data_rag_ingestion_pipeline', 'chroma_processor', 'manual__2025-10-25T09:00:15.547717+00:00', '--job-id', '4', '--raw', '--subdir', 'DAGS_FOLDER/ingest.py', '--cfg-path', '/tmp/tmpjlnciqh9']
[2025-10-25T09:00:40.877+0000] {standard_task_runner.py:88} INFO - Job 4: Subtask chroma_processor
[2025-10-25T09:00:40.900+0000] {logging_mixin.py:188} WARNING - /home/airflow/.local/lib/python3.9/site-packages/airflow/settings.py:194 DeprecationWarning: The sql_alchemy_conn option in [core] has been moved to the sql_alchemy_conn option in [database] - the old setting has been used, but please update your config.
[2025-10-25T09:00:40.949+0000] {task_command.py:423} INFO - Running <TaskInstance: who_data_rag_ingestion_pipeline.chroma_processor manual__2025-10-25T09:00:15.547717+00:00 [running]> on host d62a706d8e86
[2025-10-25T09:00:41.049+0000] {taskinstance.py:2480} INFO - Exporting env vars: AIRFLOW_CTX_DAG_OWNER='airflow' AIRFLOW_CTX_DAG_ID='who_data_rag_ingestion_pipeline' AIRFLOW_CTX_TASK_ID='chroma_processor' AIRFLOW_CTX_EXECUTION_DATE='2025-10-25T09:00:15.547717+00:00' AIRFLOW_CTX_TRY_NUMBER='1' AIRFLOW_CTX_DAG_RUN_ID='manual__2025-10-25T09:00:15.547717+00:00'
[2025-10-25T09:00:41.052+0000] {data_processor.py:144} INFO - Processing changed raw_content/ files into chunks...
[2025-10-25T09:00:43.207+0000] {s3_utils.py:83} INFO - Successfully loaded data
[2025-10-25T09:00:43.210+0000] {s3_utils.py:49} INFO - Attempting to download s3://whofactsheet/raw_content/abortion.json
[2025-10-25T09:00:44.113+0000] {s3_utils.py:57} INFO - Successfully downloaded raw_content/abortion.json
[2025-10-25T09:00:44.134+0000] {taskinstance.py:2698} ERROR - Task failed with exception
Traceback (most recent call last):
  File "/home/airflow/.local/lib/python3.9/site-packages/airflow/models/taskinstance.py", line 433, in _execute_task
    result = execute_callable(context=context, **execute_callable_kwargs)
  File "/home/airflow/.local/lib/python3.9/site-packages/airflow/decorators/base.py", line 241, in execute
    return_value = super().execute(context)
  File "/home/airflow/.local/lib/python3.9/site-packages/airflow/operators/python.py", line 199, in execute
    return_value = self.execute_callable()
  File "/home/airflow/.local/lib/python3.9/site-packages/airflow/operators/python.py", line 216, in execute_callable
    return self.python_callable(*self.op_args, **self.op_kwargs)
  File "/opt/airflow/dags/ingest.py", line 37, in process_and_load_chroma
    process_and_upload_to_chroma(prefix)
  File "/opt/airflow/scripts/data_processor.py", line 180, in process_and_upload_to_chroma
    upload_to_s3(
TypeError: upload_to_s3() missing 1 required positional argument: 'isByte'
[2025-10-25T09:00:44.157+0000] {taskinstance.py:1138} INFO - Marking task as FAILED. dag_id=who_data_rag_ingestion_pipeline, task_id=chroma_processor, execution_date=20251025T090015, start_date=20251025T090040, end_date=20251025T090044
[2025-10-25T09:00:44.187+0000] {standard_task_runner.py:107} ERROR - Failed to execute job 4 for task chroma_processor (upload_to_s3() missing 1 required positional argument: 'isByte'; 516)
[2025-10-25T09:00:44.227+0000] {local_task_job_runner.py:234} INFO - Task exited with return code 1
[2025-10-25T09:00:44.258+0000] {taskinstance.py:3280} INFO - 0 downstream tasks scheduled from follow-on schedule check
