[2025-10-23T23:15:07.659+0000] {taskinstance.py:1956} INFO - Dependencies all met for dep_context=non-requeueable deps ti=<TaskInstance: who_data_rag_ingestion_pipeline.content_scraper manual__2025-10-23T23:14:17.581111+00:00 [queued]>
[2025-10-23T23:15:07.679+0000] {taskinstance.py:1956} INFO - Dependencies all met for dep_context=requeueable deps ti=<TaskInstance: who_data_rag_ingestion_pipeline.content_scraper manual__2025-10-23T23:14:17.581111+00:00 [queued]>
[2025-10-23T23:15:07.680+0000] {taskinstance.py:2170} INFO - Starting attempt 1 of 1
[2025-10-23T23:15:07.710+0000] {taskinstance.py:2191} INFO - Executing <Task(_PythonDecoratedOperator): content_scraper> on 2025-10-23 23:14:17.581111+00:00
[2025-10-23T23:15:07.720+0000] {standard_task_runner.py:60} INFO - Started process 352 to run task
[2025-10-23T23:15:07.726+0000] {standard_task_runner.py:87} INFO - Running: ['airflow', 'tasks', 'run', 'who_data_rag_ingestion_pipeline', 'content_scraper', 'manual__2025-10-23T23:14:17.581111+00:00', '--job-id', '3', '--raw', '--subdir', 'DAGS_FOLDER/ingest.py', '--cfg-path', '/tmp/tmptdtp5so4']
[2025-10-23T23:15:07.728+0000] {standard_task_runner.py:88} INFO - Job 3: Subtask content_scraper
[2025-10-23T23:15:07.764+0000] {logging_mixin.py:188} WARNING - /home/airflow/.local/lib/python3.9/site-packages/airflow/settings.py:194 DeprecationWarning: The sql_alchemy_conn option in [core] has been moved to the sql_alchemy_conn option in [database] - the old setting has been used, but please update your config.
[2025-10-23T23:15:07.840+0000] {task_command.py:423} INFO - Running <TaskInstance: who_data_rag_ingestion_pipeline.content_scraper manual__2025-10-23T23:14:17.581111+00:00 [running]> on host 77b86f81ba28
[2025-10-23T23:15:08.010+0000] {taskinstance.py:2480} INFO - Exporting env vars: AIRFLOW_CTX_DAG_OWNER='airflow' AIRFLOW_CTX_DAG_ID='who_data_rag_ingestion_pipeline' AIRFLOW_CTX_TASK_ID='content_scraper' AIRFLOW_CTX_EXECUTION_DATE='2025-10-23T23:14:17.581111+00:00' AIRFLOW_CTX_TRY_NUMBER='1' AIRFLOW_CTX_DAG_RUN_ID='manual__2025-10-23T23:14:17.581111+00:00'
[2025-10-23T23:15:08.016+0000] {taskinstance.py:2698} ERROR - Task failed with exception
Traceback (most recent call last):
  File "/home/airflow/.local/lib/python3.9/site-packages/airflow/models/taskinstance.py", line 433, in _execute_task
    result = execute_callable(context=context, **execute_callable_kwargs)
  File "/home/airflow/.local/lib/python3.9/site-packages/airflow/decorators/base.py", line 241, in execute
    return_value = super().execute(context)
  File "/home/airflow/.local/lib/python3.9/site-packages/airflow/operators/python.py", line 199, in execute
    return_value = self.execute_callable()
  File "/home/airflow/.local/lib/python3.9/site-packages/airflow/operators/python.py", line 216, in execute_callable
    return self.python_callable(*self.op_args, **self.op_kwargs)
  File "/opt/airflow/dags/ingest.py", line 33, in scrape_and_stage_content
    fetch_content_and_save_to_s3()
  File "/opt/airflow/scripts/data_processor.py", line 81, in fetch_content_and_save_to_s3
    index_content = download_from_s3("topics/topic_index.json")
TypeError: download_from_s3() missing 1 required positional argument: 'isByte'
[2025-10-23T23:15:08.052+0000] {taskinstance.py:1138} INFO - Marking task as FAILED. dag_id=who_data_rag_ingestion_pipeline, task_id=content_scraper, execution_date=20251023T231417, start_date=20251023T231507, end_date=20251023T231508
[2025-10-23T23:15:08.079+0000] {standard_task_runner.py:107} ERROR - Failed to execute job 3 for task content_scraper (download_from_s3() missing 1 required positional argument: 'isByte'; 352)
[2025-10-23T23:15:08.100+0000] {local_task_job_runner.py:234} INFO - Task exited with return code 1
[2025-10-23T23:15:08.144+0000] {taskinstance.py:3280} INFO - 0 downstream tasks scheduled from follow-on schedule check
