[2025-10-24T14:26:17.877+0000] {taskinstance.py:1956} INFO - Dependencies all met for dep_context=non-requeueable deps ti=<TaskInstance: who_data_rag_ingestion_pipeline.chroma_embedder manual__2025-10-24T13:51:55.416507+00:00 [queued]>
[2025-10-24T14:26:17.896+0000] {taskinstance.py:1956} INFO - Dependencies all met for dep_context=requeueable deps ti=<TaskInstance: who_data_rag_ingestion_pipeline.chroma_embedder manual__2025-10-24T13:51:55.416507+00:00 [queued]>
[2025-10-24T14:26:17.898+0000] {taskinstance.py:2170} INFO - Starting attempt 1 of 1
[2025-10-24T14:26:17.924+0000] {taskinstance.py:2191} INFO - Executing <Task(_PythonDecoratedOperator): chroma_embedder> on 2025-10-24 13:51:55.416507+00:00
[2025-10-24T14:26:17.937+0000] {standard_task_runner.py:60} INFO - Started process 1910 to run task
[2025-10-24T14:26:17.943+0000] {standard_task_runner.py:87} INFO - Running: ['airflow', 'tasks', 'run', 'who_data_rag_ingestion_pipeline', 'chroma_embedder', 'manual__2025-10-24T13:51:55.416507+00:00', '--job-id', '7', '--raw', '--subdir', 'DAGS_FOLDER/ingest.py', '--cfg-path', '/tmp/tmpb6qq83z6']
[2025-10-24T14:26:17.944+0000] {standard_task_runner.py:88} INFO - Job 7: Subtask chroma_embedder
[2025-10-24T14:26:17.975+0000] {logging_mixin.py:188} WARNING - /home/airflow/.local/lib/python3.9/site-packages/airflow/settings.py:194 DeprecationWarning: The sql_alchemy_conn option in [core] has been moved to the sql_alchemy_conn option in [database] - the old setting has been used, but please update your config.
[2025-10-24T14:26:18.069+0000] {task_command.py:423} INFO - Running <TaskInstance: who_data_rag_ingestion_pipeline.chroma_embedder manual__2025-10-24T13:51:55.416507+00:00 [running]> on host 6427600991b4
[2025-10-24T14:26:18.356+0000] {taskinstance.py:2480} INFO - Exporting env vars: AIRFLOW_CTX_DAG_OWNER='airflow' AIRFLOW_CTX_DAG_ID='who_data_rag_ingestion_pipeline' AIRFLOW_CTX_TASK_ID='chroma_embedder' AIRFLOW_CTX_EXECUTION_DATE='2025-10-24T13:51:55.416507+00:00' AIRFLOW_CTX_TRY_NUMBER='1' AIRFLOW_CTX_DAG_RUN_ID='manual__2025-10-24T13:51:55.416507+00:00'
[2025-10-24T14:26:18.362+0000] {data_processor.py:186} INFO - Embedding only updated or new topic documents into Chroma...
[2025-10-24T14:26:18.366+0000] {s3_utils.py:48} INFO - Attempting to download s3://whofactsheet/app/chroma_db_files/chroma.sqlite
[2025-10-24T14:26:19.900+0000] {s3_utils.py:60} WARNING - S3 object not found: app/chroma_db_files/chroma.sqlite
[2025-10-24T14:26:19.912+0000] {data_processor.py:197} INFO - S3 doesn't have chromadb file, creating new chromadb
[2025-10-24T14:26:20.024+0000] {posthog.py:22} INFO - Anonymized telemetry enabled. See                     https://docs.trychroma.com/telemetry for more information.
[2025-10-24T14:26:22.326+0000] {s3_utils.py:82} INFO - Successfully loaded data
[2025-10-24T14:26:22.330+0000] {s3_utils.py:48} INFO - Attempting to download s3://whofactsheet/processed/abortion.json
[2025-10-24T14:26:23.649+0000] {s3_utils.py:56} INFO - Successfully downloaded processed/abortion.json
[2025-10-24T14:26:23.655+0000] {taskinstance.py:2698} ERROR - Task failed with exception
Traceback (most recent call last):
  File "/home/airflow/.local/lib/python3.9/site-packages/airflow/models/taskinstance.py", line 433, in _execute_task
    result = execute_callable(context=context, **execute_callable_kwargs)
  File "/home/airflow/.local/lib/python3.9/site-packages/airflow/decorators/base.py", line 241, in execute
    return_value = super().execute(context)
  File "/home/airflow/.local/lib/python3.9/site-packages/airflow/operators/python.py", line 199, in execute
    return_value = self.execute_callable()
  File "/home/airflow/.local/lib/python3.9/site-packages/airflow/operators/python.py", line 216, in execute_callable
    return self.python_callable(*self.op_args, **self.op_kwargs)
  File "/opt/airflow/dags/ingest.py", line 41, in embed_and_upload
    embed_and_upload_chroma()
  File "/opt/airflow/scripts/data_processor.py", line 227, in embed_and_upload_chroma
    existing_ids = set(collection.get(include=["ids"])["ids"])
  File "/home/airflow/.local/lib/python3.9/site-packages/chromadb/api/models/Collection.py", line 128, in get
    get_request = self._validate_and_prepare_get_request(
  File "/home/airflow/.local/lib/python3.9/site-packages/chromadb/api/models/CollectionCommon.py", line 103, in wrapper
    return func(self, *args, **kwargs)
  File "/home/airflow/.local/lib/python3.9/site-packages/chromadb/api/models/CollectionCommon.py", line 274, in _validate_and_prepare_get_request
    validate_include(include=include, dissalowed=["distances"])
  File "/home/airflow/.local/lib/python3.9/site-packages/chromadb/api/types.py", line 1183, in validate_include
    raise ValueError(
ValueError: Expected include item to be one of documents, embeddings, metadatas, distances, uris, data, got ids in get.
[2025-10-24T14:26:23.708+0000] {taskinstance.py:1138} INFO - Marking task as FAILED. dag_id=who_data_rag_ingestion_pipeline, task_id=chroma_embedder, execution_date=20251024T135155, start_date=20251024T142617, end_date=20251024T142623
[2025-10-24T14:26:23.735+0000] {standard_task_runner.py:107} ERROR - Failed to execute job 7 for task chroma_embedder (Expected include item to be one of documents, embeddings, metadatas, distances, uris, data, got ids in get.; 1910)
[2025-10-24T14:26:23.771+0000] {local_task_job_runner.py:234} INFO - Task exited with return code 1
[2025-10-24T14:26:23.803+0000] {taskinstance.py:3280} INFO - 0 downstream tasks scheduled from follow-on schedule check
